2025-04-18 12:12:07.139  INFO 6952 --- [main] com.mndev.spring.ApplicationRunner       : Starting ApplicationRunner using Java 11.0.11 on DESKTOP-ESP161B with PID 6952 (C:\Users\PC\IdeaProjects\spring-starter\build\classes\java\main started by PC in C:\Users\PC\IdeaProjects\spring-starter)
2025-04-18 12:12:07.143  INFO 6952 --- [main] com.mndev.spring.ApplicationRunner       : No active profile set, falling back to 1 default profile: "default"
2025-04-18 12:12:07.495  INFO 6952 --- [main] .s.d.r.c.RepositoryConfigurationDelegate : Bootstrapping Spring Data JPA repositories in DEFAULT mode.
2025-04-18 12:12:07.526  INFO 6952 --- [main] .s.d.r.c.RepositoryConfigurationDelegate : Finished Spring Data repository scanning in 26 ms. Found 2 JPA repository interfaces.
2025-04-18 12:12:07.869  INFO 6952 --- [main] o.s.b.w.embedded.tomcat.TomcatWebServer  : Tomcat initialized with port(s): 8080 (http)
2025-04-18 12:12:07.874  INFO 6952 --- [main] o.apache.catalina.core.StandardService   : Starting service [Tomcat]
2025-04-18 12:12:07.874  INFO 6952 --- [main] org.apache.catalina.core.StandardEngine  : Starting Servlet engine: [Apache Tomcat/9.0.83]
2025-04-18 12:12:08.011  INFO 6952 --- [main] org.apache.jasper.servlet.TldScanner     : At least one JAR was scanned for TLDs yet contained no TLDs. Enable debug logging for this logger for a complete list of JARs that were scanned but no TLDs were found in them. Skipping unneeded JARs during scanning can improve startup time and JSP compilation time.
2025-04-18 12:12:08.016  INFO 6952 --- [main] o.a.c.c.C.[Tomcat].[localhost].[/]       : Initializing Spring embedded WebApplicationContext
2025-04-18 12:12:08.016  INFO 6952 --- [main] w.s.c.ServletWebServerApplicationContext : Root WebApplicationContext: initialization completed in 854 ms
2025-04-18 12:12:08.105  INFO 6952 --- [main] o.hibernate.jpa.internal.util.LogHelper  : HHH000204: Processing PersistenceUnitInfo [name: default]
2025-04-18 12:12:08.143  INFO 6952 --- [main] org.hibernate.Version                    : HHH000412: Hibernate ORM core version 5.6.15.Final
2025-04-18 12:12:08.225  INFO 6952 --- [main] o.hibernate.annotations.common.Version   : HCANN000001: Hibernate Commons Annotations {5.1.2.Final}
2025-04-18 12:12:08.278  INFO 6952 --- [main] com.zaxxer.hikari.HikariDataSource       : HikariPool-1 - Starting...
2025-04-18 12:12:08.385  INFO 6952 --- [main] com.zaxxer.hikari.HikariDataSource       : HikariPool-1 - Start completed.
2025-04-18 12:12:08.397  INFO 6952 --- [main] org.hibernate.dialect.Dialect            : HHH000400: Using dialect: org.hibernate.dialect.PostgreSQL10Dialect
2025-04-18 12:12:08.771  INFO 6952 --- [main] o.h.e.t.j.p.i.JtaPlatformInitiator       : HHH000490: Using JtaPlatform implementation: [org.hibernate.engine.transaction.jta.platform.internal.NoJtaPlatform]
2025-04-18 12:12:08.776  INFO 6952 --- [main] j.LocalContainerEntityManagerFactoryBean : Initialized JPA EntityManagerFactory for persistence unit 'default'
2025-04-18 12:12:08.784  INFO 6952 --- [main] c.mndev.spring.config.JpaConfiguration   : JpaConfiguration init
2025-04-18 12:12:08.872  INFO 6952 --- [main] c.m.spring.database.pool.ConnectionPool  : Init...
2025-04-18 12:12:09.197  INFO 6952 --- [main] c.m.spring.database.pool.ConnectionPool  : Init...
2025-04-18 12:12:09.486  INFO 6952 --- [main] o.s.s.web.DefaultSecurityFilterChain     : Will secure any request with [org.springframework.security.web.session.DisableEncodeUrlFilter@69862a1, org.springframework.security.web.context.request.async.WebAsyncManagerIntegrationFilter@585718dd, org.springframework.security.web.context.SecurityContextPersistenceFilter@949165f, org.springframework.security.web.header.HeaderWriterFilter@55a2ca5e, org.springframework.security.web.csrf.CsrfFilter@23a78d2e, org.springframework.security.web.authentication.logout.LogoutFilter@157267db, org.springframework.security.web.authentication.UsernamePasswordAuthenticationFilter@1ae26c59, org.springframework.security.web.savedrequest.RequestCacheAwareFilter@2446597e, org.springframework.security.web.servletapi.SecurityContextHolderAwareRequestFilter@5f93ec02, org.springframework.security.web.authentication.AnonymousAuthenticationFilter@5a644d75, org.springframework.security.web.session.SessionManagementFilter@12bb8943, org.springframework.security.web.access.ExceptionTranslationFilter@6805415d, org.springframework.security.web.access.intercept.FilterSecurityInterceptor@4a76c90]
2025-04-18 12:12:09.521  INFO 6952 --- [main] o.s.b.w.embedded.tomcat.TomcatWebServer  : Tomcat started on port(s): 8080 (http) with context path ''
2025-04-18 12:12:09.527  INFO 6952 --- [main] com.mndev.spring.ApplicationRunner       : Started ApplicationRunner in 2.575 seconds (JVM running for 2.996)
2025-04-18 12:12:17.099  INFO 6952 --- [http-nio-8080-exec-1] o.a.c.c.C.[Tomcat].[localhost].[/]       : Initializing Spring DispatcherServlet 'dispatcherServlet'
2025-04-18 12:12:17.100  INFO 6952 --- [http-nio-8080-exec-1] o.s.web.servlet.DispatcherServlet        : Initializing Servlet 'dispatcherServlet'
2025-04-18 12:12:17.100  INFO 6952 --- [http-nio-8080-exec-1] o.s.web.servlet.DispatcherServlet        : Completed initialization in 0 ms
2025-04-18 12:13:27.886  INFO 6952 --- [http-nio-8080-exec-3] o.springdoc.api.AbstractOpenApiResource  : Init duration for springdoc-openapi is: 136 ms
2025-04-18 12:18:57.200  INFO 6952 --- [SpringApplicationShutdownHook] c.m.spring.database.pool.ConnectionPool  : Clean...
2025-04-18 12:18:57.201  INFO 6952 --- [SpringApplicationShutdownHook] c.m.spring.database.pool.ConnectionPool  : Clean...
2025-04-18 12:18:57.201  INFO 6952 --- [SpringApplicationShutdownHook] j.LocalContainerEntityManagerFactoryBean : Closing JPA EntityManagerFactory for persistence unit 'default'
2025-04-18 12:18:57.202  INFO 6952 --- [SpringApplicationShutdownHook] com.zaxxer.hikari.HikariDataSource       : HikariPool-1 - Shutdown initiated...
2025-04-18 12:18:57.208  INFO 6952 --- [SpringApplicationShutdownHook] com.zaxxer.hikari.HikariDataSource       : HikariPool-1 - Shutdown completed.
2025-04-18 12:19:00.939  INFO 1608 --- [main] com.mndev.spring.ApplicationRunner       : Starting ApplicationRunner using Java 11.0.11 on DESKTOP-ESP161B with PID 1608 (C:\Users\PC\IdeaProjects\spring-starter\build\classes\java\main started by PC in C:\Users\PC\IdeaProjects\spring-starter)
2025-04-18 12:19:00.941  INFO 1608 --- [main] com.mndev.spring.ApplicationRunner       : No active profile set, falling back to 1 default profile: "default"
2025-04-18 12:19:01.298  INFO 1608 --- [main] .s.d.r.c.RepositoryConfigurationDelegate : Bootstrapping Spring Data JPA repositories in DEFAULT mode.
2025-04-18 12:19:01.331  INFO 1608 --- [main] .s.d.r.c.RepositoryConfigurationDelegate : Finished Spring Data repository scanning in 28 ms. Found 2 JPA repository interfaces.
2025-04-18 12:19:01.621  INFO 1608 --- [main] o.s.b.w.embedded.tomcat.TomcatWebServer  : Tomcat initialized with port(s): 8080 (http)
2025-04-18 12:19:01.625  INFO 1608 --- [main] o.apache.catalina.core.StandardService   : Starting service [Tomcat]
2025-04-18 12:19:01.625  INFO 1608 --- [main] org.apache.catalina.core.StandardEngine  : Starting Servlet engine: [Apache Tomcat/9.0.83]
2025-04-18 12:19:01.733  INFO 1608 --- [main] org.apache.jasper.servlet.TldScanner     : At least one JAR was scanned for TLDs yet contained no TLDs. Enable debug logging for this logger for a complete list of JARs that were scanned but no TLDs were found in them. Skipping unneeded JARs during scanning can improve startup time and JSP compilation time.
2025-04-18 12:19:01.737  INFO 1608 --- [main] o.a.c.c.C.[Tomcat].[localhost].[/]       : Initializing Spring embedded WebApplicationContext
2025-04-18 12:19:01.737  INFO 1608 --- [main] w.s.c.ServletWebServerApplicationContext : Root WebApplicationContext: initialization completed in 776 ms
2025-04-18 12:19:01.803  INFO 1608 --- [main] o.hibernate.jpa.internal.util.LogHelper  : HHH000204: Processing PersistenceUnitInfo [name: default]
2025-04-18 12:19:01.825  INFO 1608 --- [main] org.hibernate.Version                    : HHH000412: Hibernate ORM core version 5.6.15.Final
2025-04-18 12:19:01.883  INFO 1608 --- [main] o.hibernate.annotations.common.Version   : HCANN000001: Hibernate Commons Annotations {5.1.2.Final}
2025-04-18 12:19:01.922  INFO 1608 --- [main] com.zaxxer.hikari.HikariDataSource       : HikariPool-1 - Starting...
2025-04-18 12:19:02.101  INFO 1608 --- [main] com.zaxxer.hikari.HikariDataSource       : HikariPool-1 - Start completed.
2025-04-18 12:19:02.110  INFO 1608 --- [main] org.hibernate.dialect.Dialect            : HHH000400: Using dialect: org.hibernate.dialect.PostgreSQL10Dialect
2025-04-18 12:19:02.415  INFO 1608 --- [main] o.h.e.t.j.p.i.JtaPlatformInitiator       : HHH000490: Using JtaPlatform implementation: [org.hibernate.engine.transaction.jta.platform.internal.NoJtaPlatform]
2025-04-18 12:19:02.421  INFO 1608 --- [main] j.LocalContainerEntityManagerFactoryBean : Initialized JPA EntityManagerFactory for persistence unit 'default'
2025-04-18 12:19:02.426  INFO 1608 --- [main] c.mndev.spring.config.JpaConfiguration   : JpaConfiguration init
2025-04-18 12:19:02.511  INFO 1608 --- [main] c.m.spring.database.pool.ConnectionPool  : Init...
2025-04-18 12:19:02.818  INFO 1608 --- [main] c.m.spring.database.pool.ConnectionPool  : Init...
2025-04-18 12:19:03.067  INFO 1608 --- [main] o.s.s.web.DefaultSecurityFilterChain     : Will secure any request with [org.springframework.security.web.session.DisableEncodeUrlFilter@7325b786, org.springframework.security.web.context.request.async.WebAsyncManagerIntegrationFilter@f943847, org.springframework.security.web.context.SecurityContextPersistenceFilter@230dd372, org.springframework.security.web.header.HeaderWriterFilter@3074575a, org.springframework.security.web.csrf.CsrfFilter@2e243122, org.springframework.security.web.authentication.logout.LogoutFilter@3791160a, org.springframework.security.web.authentication.UsernamePasswordAuthenticationFilter@6f53f5a4, org.springframework.security.web.savedrequest.RequestCacheAwareFilter@7ffb0bb4, org.springframework.security.web.servletapi.SecurityContextHolderAwareRequestFilter@20724c21, org.springframework.security.web.authentication.AnonymousAuthenticationFilter@4c376b44, org.springframework.security.web.session.SessionManagementFilter@2eed6331, org.springframework.security.web.access.ExceptionTranslationFilter@4b6fc231, org.springframework.security.web.access.intercept.FilterSecurityInterceptor@4cc4f6bd]
2025-04-18 12:19:03.099  INFO 1608 --- [main] o.s.b.w.embedded.tomcat.TomcatWebServer  : Tomcat started on port(s): 8080 (http) with context path ''
2025-04-18 12:19:03.105  INFO 1608 --- [main] com.mndev.spring.ApplicationRunner       : Started ApplicationRunner in 2.347 seconds (JVM running for 2.715)
2025-04-18 12:19:12.151  INFO 1608 --- [http-nio-8080-exec-1] o.a.c.c.C.[Tomcat].[localhost].[/]       : Initializing Spring DispatcherServlet 'dispatcherServlet'
2025-04-18 12:19:12.151  INFO 1608 --- [http-nio-8080-exec-1] o.s.web.servlet.DispatcherServlet        : Initializing Servlet 'dispatcherServlet'
2025-04-18 12:19:12.152  INFO 1608 --- [http-nio-8080-exec-1] o.s.web.servlet.DispatcherServlet        : Completed initialization in 1 ms
2025-04-18 12:19:12.456  INFO 1608 --- [http-nio-8080-exec-4] o.springdoc.api.AbstractOpenApiResource  : Init duration for springdoc-openapi is: 180 ms
2025-04-18 12:21:10.927  INFO 1608 --- [SpringApplicationShutdownHook] c.m.spring.database.pool.ConnectionPool  : Clean...
2025-04-18 12:21:10.928  INFO 1608 --- [SpringApplicationShutdownHook] c.m.spring.database.pool.ConnectionPool  : Clean...
2025-04-18 12:21:10.928  INFO 1608 --- [SpringApplicationShutdownHook] j.LocalContainerEntityManagerFactoryBean : Closing JPA EntityManagerFactory for persistence unit 'default'
2025-04-18 12:21:10.929  INFO 1608 --- [SpringApplicationShutdownHook] com.zaxxer.hikari.HikariDataSource       : HikariPool-1 - Shutdown initiated...
2025-04-18 12:21:10.934  INFO 1608 --- [SpringApplicationShutdownHook] com.zaxxer.hikari.HikariDataSource       : HikariPool-1 - Shutdown completed.
2025-04-18 12:21:13.506  INFO 8588 --- [main] com.mndev.spring.ApplicationRunner       : Starting ApplicationRunner using Java 11.0.11 on DESKTOP-ESP161B with PID 8588 (C:\Users\PC\IdeaProjects\spring-starter\build\classes\java\main started by PC in C:\Users\PC\IdeaProjects\spring-starter)
2025-04-18 12:21:13.508  INFO 8588 --- [main] com.mndev.spring.ApplicationRunner       : No active profile set, falling back to 1 default profile: "default"
2025-04-18 12:21:13.837  INFO 8588 --- [main] .s.d.r.c.RepositoryConfigurationDelegate : Bootstrapping Spring Data JPA repositories in DEFAULT mode.
2025-04-18 12:21:13.865  INFO 8588 --- [main] .s.d.r.c.RepositoryConfigurationDelegate : Finished Spring Data repository scanning in 25 ms. Found 2 JPA repository interfaces.
2025-04-18 12:21:14.138  INFO 8588 --- [main] o.s.b.w.embedded.tomcat.TomcatWebServer  : Tomcat initialized with port(s): 8080 (http)
2025-04-18 12:21:14.141  INFO 8588 --- [main] o.apache.catalina.core.StandardService   : Starting service [Tomcat]
2025-04-18 12:21:14.141  INFO 8588 --- [main] org.apache.catalina.core.StandardEngine  : Starting Servlet engine: [Apache Tomcat/9.0.83]
2025-04-18 12:21:14.249  INFO 8588 --- [main] org.apache.jasper.servlet.TldScanner     : At least one JAR was scanned for TLDs yet contained no TLDs. Enable debug logging for this logger for a complete list of JARs that were scanned but no TLDs were found in them. Skipping unneeded JARs during scanning can improve startup time and JSP compilation time.
2025-04-18 12:21:14.253  INFO 8588 --- [main] o.a.c.c.C.[Tomcat].[localhost].[/]       : Initializing Spring embedded WebApplicationContext
2025-04-18 12:21:14.253  INFO 8588 --- [main] w.s.c.ServletWebServerApplicationContext : Root WebApplicationContext: initialization completed in 727 ms
2025-04-18 12:21:14.318  INFO 8588 --- [main] o.hibernate.jpa.internal.util.LogHelper  : HHH000204: Processing PersistenceUnitInfo [name: default]
2025-04-18 12:21:14.336  INFO 8588 --- [main] org.hibernate.Version                    : HHH000412: Hibernate ORM core version 5.6.15.Final
2025-04-18 12:21:14.392  INFO 8588 --- [main] o.hibernate.annotations.common.Version   : HCANN000001: Hibernate Commons Annotations {5.1.2.Final}
2025-04-18 12:21:14.430  INFO 8588 --- [main] com.zaxxer.hikari.HikariDataSource       : HikariPool-1 - Starting...
2025-04-18 12:21:14.503  INFO 8588 --- [main] com.zaxxer.hikari.HikariDataSource       : HikariPool-1 - Start completed.
2025-04-18 12:21:14.512  INFO 8588 --- [main] org.hibernate.dialect.Dialect            : HHH000400: Using dialect: org.hibernate.dialect.PostgreSQL10Dialect
2025-04-18 12:21:14.811  INFO 8588 --- [main] o.h.e.t.j.p.i.JtaPlatformInitiator       : HHH000490: Using JtaPlatform implementation: [org.hibernate.engine.transaction.jta.platform.internal.NoJtaPlatform]
2025-04-18 12:21:14.815  INFO 8588 --- [main] j.LocalContainerEntityManagerFactoryBean : Initialized JPA EntityManagerFactory for persistence unit 'default'
2025-04-18 12:21:14.821  INFO 8588 --- [main] c.mndev.spring.config.JpaConfiguration   : JpaConfiguration init
2025-04-18 12:21:14.904  INFO 8588 --- [main] c.m.spring.database.pool.ConnectionPool  : Init...
2025-04-18 12:21:15.184  INFO 8588 --- [main] c.m.spring.database.pool.ConnectionPool  : Init...
2025-04-18 12:21:15.427  INFO 8588 --- [main] o.s.s.web.DefaultSecurityFilterChain     : Will secure any request with [org.springframework.security.web.session.DisableEncodeUrlFilter@2f006edf, org.springframework.security.web.context.request.async.WebAsyncManagerIntegrationFilter@20843604, org.springframework.security.web.context.SecurityContextPersistenceFilter@c0cb9c2, org.springframework.security.web.header.HeaderWriterFilter@6dcdc378, org.springframework.security.web.csrf.CsrfFilter@2ec258f1, org.springframework.security.web.authentication.logout.LogoutFilter@2446597e, org.springframework.security.web.authentication.UsernamePasswordAuthenticationFilter@73973e77, org.springframework.security.web.savedrequest.RequestCacheAwareFilter@431f8830, org.springframework.security.web.servletapi.SecurityContextHolderAwareRequestFilter@55a2ca5e, org.springframework.security.web.authentication.AnonymousAuthenticationFilter@28dd038f, org.springframework.security.web.session.SessionManagementFilter@1a23136f, org.springframework.security.web.access.ExceptionTranslationFilter@24ae2183, org.springframework.security.web.access.intercept.FilterSecurityInterceptor@74cad577]
2025-04-18 12:21:15.457  INFO 8588 --- [main] o.s.b.w.embedded.tomcat.TomcatWebServer  : Tomcat started on port(s): 8080 (http) with context path ''
2025-04-18 12:21:15.463  INFO 8588 --- [main] com.mndev.spring.ApplicationRunner       : Started ApplicationRunner in 2.138 seconds (JVM running for 2.501)
2025-04-18 12:21:31.813  INFO 8588 --- [http-nio-8080-exec-1] o.a.c.c.C.[Tomcat].[localhost].[/]       : Initializing Spring DispatcherServlet 'dispatcherServlet'
2025-04-18 12:21:31.814  INFO 8588 --- [http-nio-8080-exec-1] o.s.web.servlet.DispatcherServlet        : Initializing Servlet 'dispatcherServlet'
2025-04-18 12:21:31.815  INFO 8588 --- [http-nio-8080-exec-1] o.s.web.servlet.DispatcherServlet        : Completed initialization in 1 ms
2025-04-18 12:21:32.092  INFO 8588 --- [http-nio-8080-exec-9] o.springdoc.api.AbstractOpenApiResource  : Init duration for springdoc-openapi is: 170 ms
2025-04-18 12:22:42.610  INFO 8588 --- [SpringApplicationShutdownHook] c.m.spring.database.pool.ConnectionPool  : Clean...
2025-04-18 12:22:42.611  INFO 8588 --- [SpringApplicationShutdownHook] c.m.spring.database.pool.ConnectionPool  : Clean...
2025-04-18 12:22:42.612  INFO 8588 --- [SpringApplicationShutdownHook] j.LocalContainerEntityManagerFactoryBean : Closing JPA EntityManagerFactory for persistence unit 'default'
2025-04-18 12:22:42.613  INFO 8588 --- [SpringApplicationShutdownHook] com.zaxxer.hikari.HikariDataSource       : HikariPool-1 - Shutdown initiated...
2025-04-18 12:22:42.618  INFO 8588 --- [SpringApplicationShutdownHook] com.zaxxer.hikari.HikariDataSource       : HikariPool-1 - Shutdown completed.
2025-04-18 12:22:45.106  INFO 1600 --- [main] com.mndev.spring.ApplicationRunner       : Starting ApplicationRunner using Java 11.0.11 on DESKTOP-ESP161B with PID 1600 (C:\Users\PC\IdeaProjects\spring-starter\build\classes\java\main started by PC in C:\Users\PC\IdeaProjects\spring-starter)
2025-04-18 12:22:45.108  INFO 1600 --- [main] com.mndev.spring.ApplicationRunner       : No active profile set, falling back to 1 default profile: "default"
2025-04-18 12:22:45.454  INFO 1600 --- [main] .s.d.r.c.RepositoryConfigurationDelegate : Bootstrapping Spring Data JPA repositories in DEFAULT mode.
2025-04-18 12:22:45.488  INFO 1600 --- [main] .s.d.r.c.RepositoryConfigurationDelegate : Finished Spring Data repository scanning in 30 ms. Found 2 JPA repository interfaces.
2025-04-18 12:22:45.776  INFO 1600 --- [main] o.s.b.w.embedded.tomcat.TomcatWebServer  : Tomcat initialized with port(s): 8080 (http)
2025-04-18 12:22:45.780  INFO 1600 --- [main] o.apache.catalina.core.StandardService   : Starting service [Tomcat]
2025-04-18 12:22:45.780  INFO 1600 --- [main] org.apache.catalina.core.StandardEngine  : Starting Servlet engine: [Apache Tomcat/9.0.83]
2025-04-18 12:22:45.883  INFO 1600 --- [main] org.apache.jasper.servlet.TldScanner     : At least one JAR was scanned for TLDs yet contained no TLDs. Enable debug logging for this logger for a complete list of JARs that were scanned but no TLDs were found in them. Skipping unneeded JARs during scanning can improve startup time and JSP compilation time.
2025-04-18 12:22:45.887  INFO 1600 --- [main] o.a.c.c.C.[Tomcat].[localhost].[/]       : Initializing Spring embedded WebApplicationContext
2025-04-18 12:22:45.887  INFO 1600 --- [main] w.s.c.ServletWebServerApplicationContext : Root WebApplicationContext: initialization completed in 761 ms
2025-04-18 12:22:45.953  INFO 1600 --- [main] o.hibernate.jpa.internal.util.LogHelper  : HHH000204: Processing PersistenceUnitInfo [name: default]
2025-04-18 12:22:45.970  INFO 1600 --- [main] org.hibernate.Version                    : HHH000412: Hibernate ORM core version 5.6.15.Final
2025-04-18 12:22:46.025  INFO 1600 --- [main] o.hibernate.annotations.common.Version   : HCANN000001: Hibernate Commons Annotations {5.1.2.Final}
2025-04-18 12:22:46.066  INFO 1600 --- [main] com.zaxxer.hikari.HikariDataSource       : HikariPool-1 - Starting...
2025-04-18 12:22:46.140  INFO 1600 --- [main] com.zaxxer.hikari.HikariDataSource       : HikariPool-1 - Start completed.
2025-04-18 12:22:46.150  INFO 1600 --- [main] org.hibernate.dialect.Dialect            : HHH000400: Using dialect: org.hibernate.dialect.PostgreSQL10Dialect
2025-04-18 12:22:46.449  INFO 1600 --- [main] o.h.e.t.j.p.i.JtaPlatformInitiator       : HHH000490: Using JtaPlatform implementation: [org.hibernate.engine.transaction.jta.platform.internal.NoJtaPlatform]
2025-04-18 12:22:46.454  INFO 1600 --- [main] j.LocalContainerEntityManagerFactoryBean : Initialized JPA EntityManagerFactory for persistence unit 'default'
2025-04-18 12:22:46.459  INFO 1600 --- [main] c.mndev.spring.config.JpaConfiguration   : JpaConfiguration init
2025-04-18 12:22:46.545  INFO 1600 --- [main] c.m.spring.database.pool.ConnectionPool  : Init...
2025-04-18 12:22:46.829  INFO 1600 --- [main] c.m.spring.database.pool.ConnectionPool  : Init...
2025-04-18 12:22:47.071  INFO 1600 --- [main] o.s.s.web.DefaultSecurityFilterChain     : Will secure any request with [org.springframework.security.web.session.DisableEncodeUrlFilter@6af02de0, org.springframework.security.web.context.request.async.WebAsyncManagerIntegrationFilter@3749c6ac, org.springframework.security.web.context.SecurityContextPersistenceFilter@7fd7085d, org.springframework.security.web.header.HeaderWriterFilter@7a91027c, org.springframework.security.web.csrf.CsrfFilter@75bbe39d, org.springframework.security.web.authentication.logout.LogoutFilter@380e470a, org.springframework.security.web.authentication.UsernamePasswordAuthenticationFilter@625c9248, org.springframework.security.web.savedrequest.RequestCacheAwareFilter@3c98eaa9, org.springframework.security.web.servletapi.SecurityContextHolderAwareRequestFilter@fe38d1e, org.springframework.security.web.authentication.AnonymousAuthenticationFilter@9cdf13e, org.springframework.security.web.session.SessionManagementFilter@2446597e, org.springframework.security.web.access.ExceptionTranslationFilter@5bb45afc, org.springframework.security.web.access.intercept.FilterSecurityInterceptor@69862a1]
2025-04-18 12:22:47.102  INFO 1600 --- [main] o.s.b.w.embedded.tomcat.TomcatWebServer  : Tomcat started on port(s): 8080 (http) with context path ''
2025-04-18 12:22:47.108  INFO 1600 --- [main] com.mndev.spring.ApplicationRunner       : Started ApplicationRunner in 2.168 seconds (JVM running for 2.529)
2025-04-18 12:22:56.252  INFO 1600 --- [http-nio-8080-exec-1] o.a.c.c.C.[Tomcat].[localhost].[/]       : Initializing Spring DispatcherServlet 'dispatcherServlet'
2025-04-18 12:22:56.252  INFO 1600 --- [http-nio-8080-exec-1] o.s.web.servlet.DispatcherServlet        : Initializing Servlet 'dispatcherServlet'
2025-04-18 12:22:56.253  INFO 1600 --- [http-nio-8080-exec-1] o.s.web.servlet.DispatcherServlet        : Completed initialization in 1 ms
2025-04-18 12:22:56.520  INFO 1600 --- [http-nio-8080-exec-9] o.springdoc.api.AbstractOpenApiResource  : Init duration for springdoc-openapi is: 146 ms
2025-04-18 12:42:44.340  INFO 1600 --- [SpringApplicationShutdownHook] c.m.spring.database.pool.ConnectionPool  : Clean...
2025-04-18 12:42:44.341  INFO 1600 --- [SpringApplicationShutdownHook] c.m.spring.database.pool.ConnectionPool  : Clean...
2025-04-18 12:42:44.341  INFO 1600 --- [SpringApplicationShutdownHook] j.LocalContainerEntityManagerFactoryBean : Closing JPA EntityManagerFactory for persistence unit 'default'
2025-04-18 12:42:44.343  INFO 1600 --- [SpringApplicationShutdownHook] com.zaxxer.hikari.HikariDataSource       : HikariPool-1 - Shutdown initiated...
2025-04-18 12:42:44.347  INFO 1600 --- [SpringApplicationShutdownHook] com.zaxxer.hikari.HikariDataSource       : HikariPool-1 - Shutdown completed.
2025-04-18 12:42:48.820  INFO 21700 --- [main] com.mndev.spring.ApplicationRunner       : Starting ApplicationRunner using Java 11.0.11 on DESKTOP-ESP161B with PID 21700 (C:\Users\PC\IdeaProjects\spring-starter\build\classes\java\main started by PC in C:\Users\PC\IdeaProjects\spring-starter)
2025-04-18 12:42:48.824  INFO 21700 --- [main] com.mndev.spring.ApplicationRunner       : No active profile set, falling back to 1 default profile: "default"
2025-04-18 12:42:49.182  INFO 21700 --- [main] .s.d.r.c.RepositoryConfigurationDelegate : Bootstrapping Spring Data JPA repositories in DEFAULT mode.
2025-04-18 12:42:49.215  INFO 21700 --- [main] .s.d.r.c.RepositoryConfigurationDelegate : Finished Spring Data repository scanning in 29 ms. Found 2 JPA repository interfaces.
2025-04-18 12:42:49.503  INFO 21700 --- [main] o.s.b.w.embedded.tomcat.TomcatWebServer  : Tomcat initialized with port(s): 8080 (http)
2025-04-18 12:42:49.507  INFO 21700 --- [main] o.apache.catalina.core.StandardService   : Starting service [Tomcat]
2025-04-18 12:42:49.507  INFO 21700 --- [main] org.apache.catalina.core.StandardEngine  : Starting Servlet engine: [Apache Tomcat/9.0.83]
2025-04-18 12:42:49.620  INFO 21700 --- [main] org.apache.jasper.servlet.TldScanner     : At least one JAR was scanned for TLDs yet contained no TLDs. Enable debug logging for this logger for a complete list of JARs that were scanned but no TLDs were found in them. Skipping unneeded JARs during scanning can improve startup time and JSP compilation time.
2025-04-18 12:42:49.624  INFO 21700 --- [main] o.a.c.c.C.[Tomcat].[localhost].[/]       : Initializing Spring embedded WebApplicationContext
2025-04-18 12:42:49.624  INFO 21700 --- [main] w.s.c.ServletWebServerApplicationContext : Root WebApplicationContext: initialization completed in 776 ms
2025-04-18 12:42:49.694  INFO 21700 --- [main] o.hibernate.jpa.internal.util.LogHelper  : HHH000204: Processing PersistenceUnitInfo [name: default]
2025-04-18 12:42:49.712  INFO 21700 --- [main] org.hibernate.Version                    : HHH000412: Hibernate ORM core version 5.6.15.Final
2025-04-18 12:42:49.769  INFO 21700 --- [main] o.hibernate.annotations.common.Version   : HCANN000001: Hibernate Commons Annotations {5.1.2.Final}
2025-04-18 12:42:49.815  INFO 21700 --- [main] com.zaxxer.hikari.HikariDataSource       : HikariPool-1 - Starting...
2025-04-18 12:42:49.892  INFO 21700 --- [main] com.zaxxer.hikari.HikariDataSource       : HikariPool-1 - Start completed.
2025-04-18 12:42:49.901  INFO 21700 --- [main] org.hibernate.dialect.Dialect            : HHH000400: Using dialect: org.hibernate.dialect.PostgreSQL10Dialect
2025-04-18 12:42:50.210  INFO 21700 --- [main] o.h.e.t.j.p.i.JtaPlatformInitiator       : HHH000490: Using JtaPlatform implementation: [org.hibernate.engine.transaction.jta.platform.internal.NoJtaPlatform]
2025-04-18 12:42:50.216  INFO 21700 --- [main] j.LocalContainerEntityManagerFactoryBean : Initialized JPA EntityManagerFactory for persistence unit 'default'
2025-04-18 12:42:50.221  INFO 21700 --- [main] c.mndev.spring.config.JpaConfiguration   : JpaConfiguration init
2025-04-18 12:42:50.306  INFO 21700 --- [main] c.m.spring.database.pool.ConnectionPool  : Init...
2025-04-18 12:42:50.587  INFO 21700 --- [main] c.m.spring.database.pool.ConnectionPool  : Init...
2025-04-18 12:42:50.845  INFO 21700 --- [main] o.s.s.web.DefaultSecurityFilterChain     : Will secure any request with [org.springframework.security.web.session.DisableEncodeUrlFilter@225890bc, org.springframework.security.web.context.request.async.WebAsyncManagerIntegrationFilter@d426e01, org.springframework.security.web.context.SecurityContextPersistenceFilter@55a2ca5e, org.springframework.security.web.header.HeaderWriterFilter@6805415d, org.springframework.security.web.csrf.CsrfFilter@280f061e, org.springframework.security.web.authentication.logout.LogoutFilter@69af938b, org.springframework.security.web.authentication.UsernamePasswordAuthenticationFilter@7da0587a, org.springframework.security.web.savedrequest.RequestCacheAwareFilter@1e186006, org.springframework.security.web.servletapi.SecurityContextHolderAwareRequestFilter@7aad7df5, org.springframework.security.web.authentication.AnonymousAuthenticationFilter@44b5b54, org.springframework.security.web.session.SessionManagementFilter@3791160a, org.springframework.security.web.access.ExceptionTranslationFilter@6edb093f, org.springframework.security.web.access.intercept.FilterSecurityInterceptor@1d82d35c]
2025-04-18 12:42:50.877  INFO 21700 --- [main] o.s.b.w.embedded.tomcat.TomcatWebServer  : Tomcat started on port(s): 8080 (http) with context path ''
2025-04-18 12:42:50.883  INFO 21700 --- [main] com.mndev.spring.ApplicationRunner       : Started ApplicationRunner in 2.248 seconds (JVM running for 2.641)
2025-04-18 12:42:51.545  INFO 21700 --- [http-nio-8080-exec-1] o.a.c.c.C.[Tomcat].[localhost].[/]       : Initializing Spring DispatcherServlet 'dispatcherServlet'
2025-04-18 12:42:51.545  INFO 21700 --- [http-nio-8080-exec-1] o.s.web.servlet.DispatcherServlet        : Initializing Servlet 'dispatcherServlet'
2025-04-18 12:42:51.546  INFO 21700 --- [http-nio-8080-exec-1] o.s.web.servlet.DispatcherServlet        : Completed initialization in 1 ms
2025-04-18 12:45:29.274  INFO 21700 --- [SpringApplicationShutdownHook] c.m.spring.database.pool.ConnectionPool  : Clean...
2025-04-18 12:45:29.274  INFO 21700 --- [SpringApplicationShutdownHook] c.m.spring.database.pool.ConnectionPool  : Clean...
2025-04-18 12:45:29.275  INFO 21700 --- [SpringApplicationShutdownHook] j.LocalContainerEntityManagerFactoryBean : Closing JPA EntityManagerFactory for persistence unit 'default'
2025-04-18 12:45:29.276  INFO 21700 --- [SpringApplicationShutdownHook] com.zaxxer.hikari.HikariDataSource       : HikariPool-1 - Shutdown initiated...
2025-04-18 12:45:29.280  INFO 21700 --- [SpringApplicationShutdownHook] com.zaxxer.hikari.HikariDataSource       : HikariPool-1 - Shutdown completed.
2025-04-18 12:45:31.929  INFO 1828 --- [main] com.mndev.spring.ApplicationRunner       : Starting ApplicationRunner using Java 11.0.11 on DESKTOP-ESP161B with PID 1828 (C:\Users\PC\IdeaProjects\spring-starter\build\classes\java\main started by PC in C:\Users\PC\IdeaProjects\spring-starter)
2025-04-18 12:45:31.930  INFO 1828 --- [main] com.mndev.spring.ApplicationRunner       : No active profile set, falling back to 1 default profile: "default"
2025-04-18 12:45:32.295  INFO 1828 --- [main] .s.d.r.c.RepositoryConfigurationDelegate : Bootstrapping Spring Data JPA repositories in DEFAULT mode.
2025-04-18 12:45:32.328  INFO 1828 --- [main] .s.d.r.c.RepositoryConfigurationDelegate : Finished Spring Data repository scanning in 29 ms. Found 2 JPA repository interfaces.
2025-04-18 12:45:32.639  INFO 1828 --- [main] o.s.b.w.embedded.tomcat.TomcatWebServer  : Tomcat initialized with port(s): 8080 (http)
2025-04-18 12:45:32.643  INFO 1828 --- [main] o.apache.catalina.core.StandardService   : Starting service [Tomcat]
2025-04-18 12:45:32.643  INFO 1828 --- [main] org.apache.catalina.core.StandardEngine  : Starting Servlet engine: [Apache Tomcat/9.0.83]
2025-04-18 12:45:32.755  INFO 1828 --- [main] org.apache.jasper.servlet.TldScanner     : At least one JAR was scanned for TLDs yet contained no TLDs. Enable debug logging for this logger for a complete list of JARs that were scanned but no TLDs were found in them. Skipping unneeded JARs during scanning can improve startup time and JSP compilation time.
2025-04-18 12:45:32.758  INFO 1828 --- [main] o.a.c.c.C.[Tomcat].[localhost].[/]       : Initializing Spring embedded WebApplicationContext
2025-04-18 12:45:32.759  INFO 1828 --- [main] w.s.c.ServletWebServerApplicationContext : Root WebApplicationContext: initialization completed in 811 ms
2025-04-18 12:45:32.830  INFO 1828 --- [main] o.hibernate.jpa.internal.util.LogHelper  : HHH000204: Processing PersistenceUnitInfo [name: default]
2025-04-18 12:45:32.847  INFO 1828 --- [main] org.hibernate.Version                    : HHH000412: Hibernate ORM core version 5.6.15.Final
2025-04-18 12:45:32.906  INFO 1828 --- [main] o.hibernate.annotations.common.Version   : HCANN000001: Hibernate Commons Annotations {5.1.2.Final}
2025-04-18 12:45:32.951  INFO 1828 --- [main] com.zaxxer.hikari.HikariDataSource       : HikariPool-1 - Starting...
2025-04-18 12:45:33.028  INFO 1828 --- [main] com.zaxxer.hikari.HikariDataSource       : HikariPool-1 - Start completed.
2025-04-18 12:45:33.037  INFO 1828 --- [main] org.hibernate.dialect.Dialect            : HHH000400: Using dialect: org.hibernate.dialect.PostgreSQL10Dialect
2025-04-18 12:45:33.343  INFO 1828 --- [main] o.h.e.t.j.p.i.JtaPlatformInitiator       : HHH000490: Using JtaPlatform implementation: [org.hibernate.engine.transaction.jta.platform.internal.NoJtaPlatform]
2025-04-18 12:45:33.348  INFO 1828 --- [main] j.LocalContainerEntityManagerFactoryBean : Initialized JPA EntityManagerFactory for persistence unit 'default'
2025-04-18 12:45:33.353  INFO 1828 --- [main] c.mndev.spring.config.JpaConfiguration   : JpaConfiguration init
2025-04-18 12:45:33.440  INFO 1828 --- [main] c.m.spring.database.pool.ConnectionPool  : Init...
2025-04-18 12:45:33.724  INFO 1828 --- [main] c.m.spring.database.pool.ConnectionPool  : Init...
2025-04-18 12:45:33.984  INFO 1828 --- [main] o.s.s.web.DefaultSecurityFilterChain     : Will secure any request with [org.springframework.security.web.session.DisableEncodeUrlFilter@7e8f97dd, org.springframework.security.web.context.request.async.WebAsyncManagerIntegrationFilter@183435c0, org.springframework.security.web.context.SecurityContextPersistenceFilter@45f4c27c, org.springframework.security.web.header.HeaderWriterFilter@1d9cac6e, org.springframework.security.web.csrf.CsrfFilter@4accc3de, org.springframework.security.web.authentication.logout.LogoutFilter@fe38d1e, org.springframework.security.web.authentication.UsernamePasswordAuthenticationFilter@34907a49, org.springframework.security.web.savedrequest.RequestCacheAwareFilter@7a91027c, org.springframework.security.web.servletapi.SecurityContextHolderAwareRequestFilter@9120cb5, org.springframework.security.web.authentication.AnonymousAuthenticationFilter@69862a1, org.springframework.security.web.session.SessionManagementFilter@55a2ca5e, org.springframework.security.web.access.ExceptionTranslationFilter@431f8830, org.springframework.security.web.access.intercept.FilterSecurityInterceptor@2c376461]
2025-04-18 12:45:34.019  INFO 1828 --- [main] o.s.b.w.embedded.tomcat.TomcatWebServer  : Tomcat started on port(s): 8080 (http) with context path ''
2025-04-18 12:45:34.025  INFO 1828 --- [main] com.mndev.spring.ApplicationRunner       : Started ApplicationRunner in 2.277 seconds (JVM running for 2.702)
2025-04-18 12:45:37.302  INFO 1828 --- [http-nio-8080-exec-1] o.a.c.c.C.[Tomcat].[localhost].[/]       : Initializing Spring DispatcherServlet 'dispatcherServlet'
2025-04-18 12:45:37.302  INFO 1828 --- [http-nio-8080-exec-1] o.s.web.servlet.DispatcherServlet        : Initializing Servlet 'dispatcherServlet'
2025-04-18 12:45:37.303  INFO 1828 --- [http-nio-8080-exec-1] o.s.web.servlet.DispatcherServlet        : Completed initialization in 1 ms
2025-04-18 12:46:35.297  INFO 1828 --- [http-nio-8080-exec-6] o.springdoc.api.AbstractOpenApiResource  : Init duration for springdoc-openapi is: 177 ms
2025-04-18 12:48:10.112  INFO 1828 --- [SpringApplicationShutdownHook] c.m.spring.database.pool.ConnectionPool  : Clean...
2025-04-18 12:48:10.113  INFO 1828 --- [SpringApplicationShutdownHook] c.m.spring.database.pool.ConnectionPool  : Clean...
2025-04-18 12:48:10.113  INFO 1828 --- [SpringApplicationShutdownHook] j.LocalContainerEntityManagerFactoryBean : Closing JPA EntityManagerFactory for persistence unit 'default'
2025-04-18 12:48:10.114  INFO 1828 --- [SpringApplicationShutdownHook] com.zaxxer.hikari.HikariDataSource       : HikariPool-1 - Shutdown initiated...
2025-04-18 12:48:10.119  INFO 1828 --- [SpringApplicationShutdownHook] com.zaxxer.hikari.HikariDataSource       : HikariPool-1 - Shutdown completed.
2025-04-18 12:48:14.564  INFO 5536 --- [main] com.mndev.spring.ApplicationRunner       : Starting ApplicationRunner using Java 11.0.11 on DESKTOP-ESP161B with PID 5536 (C:\Users\PC\IdeaProjects\spring-starter\build\classes\java\main started by PC in C:\Users\PC\IdeaProjects\spring-starter)
2025-04-18 12:48:14.566  INFO 5536 --- [main] com.mndev.spring.ApplicationRunner       : No active profile set, falling back to 1 default profile: "default"
2025-04-18 12:48:14.894  INFO 5536 --- [main] .s.d.r.c.RepositoryConfigurationDelegate : Bootstrapping Spring Data JPA repositories in DEFAULT mode.
2025-04-18 12:48:14.925  INFO 5536 --- [main] .s.d.r.c.RepositoryConfigurationDelegate : Finished Spring Data repository scanning in 26 ms. Found 2 JPA repository interfaces.
2025-04-18 12:48:15.202  INFO 5536 --- [main] o.s.b.w.embedded.tomcat.TomcatWebServer  : Tomcat initialized with port(s): 8080 (http)
2025-04-18 12:48:15.206  INFO 5536 --- [main] o.apache.catalina.core.StandardService   : Starting service [Tomcat]
2025-04-18 12:48:15.206  INFO 5536 --- [main] org.apache.catalina.core.StandardEngine  : Starting Servlet engine: [Apache Tomcat/9.0.83]
2025-04-18 12:48:15.316  INFO 5536 --- [main] org.apache.jasper.servlet.TldScanner     : At least one JAR was scanned for TLDs yet contained no TLDs. Enable debug logging for this logger for a complete list of JARs that were scanned but no TLDs were found in them. Skipping unneeded JARs during scanning can improve startup time and JSP compilation time.
2025-04-18 12:48:15.319  INFO 5536 --- [main] o.a.c.c.C.[Tomcat].[localhost].[/]       : Initializing Spring embedded WebApplicationContext
2025-04-18 12:48:15.320  INFO 5536 --- [main] w.s.c.ServletWebServerApplicationContext : Root WebApplicationContext: initialization completed in 736 ms
2025-04-18 12:48:15.385  INFO 5536 --- [main] o.hibernate.jpa.internal.util.LogHelper  : HHH000204: Processing PersistenceUnitInfo [name: default]
2025-04-18 12:48:15.403  INFO 5536 --- [main] org.hibernate.Version                    : HHH000412: Hibernate ORM core version 5.6.15.Final
2025-04-18 12:48:15.463  INFO 5536 --- [main] o.hibernate.annotations.common.Version   : HCANN000001: Hibernate Commons Annotations {5.1.2.Final}
2025-04-18 12:48:15.503  INFO 5536 --- [main] com.zaxxer.hikari.HikariDataSource       : HikariPool-1 - Starting...
2025-04-18 12:48:15.689  INFO 5536 --- [main] com.zaxxer.hikari.HikariDataSource       : HikariPool-1 - Start completed.
2025-04-18 12:48:15.701  INFO 5536 --- [main] org.hibernate.dialect.Dialect            : HHH000400: Using dialect: org.hibernate.dialect.PostgreSQL10Dialect
2025-04-18 12:48:15.990  INFO 5536 --- [main] o.h.e.t.j.p.i.JtaPlatformInitiator       : HHH000490: Using JtaPlatform implementation: [org.hibernate.engine.transaction.jta.platform.internal.NoJtaPlatform]
2025-04-18 12:48:15.995  INFO 5536 --- [main] j.LocalContainerEntityManagerFactoryBean : Initialized JPA EntityManagerFactory for persistence unit 'default'
2025-04-18 12:48:16.002  INFO 5536 --- [main] c.mndev.spring.config.JpaConfiguration   : JpaConfiguration init
2025-04-18 12:48:16.085  INFO 5536 --- [main] c.m.spring.database.pool.ConnectionPool  : Init...
2025-04-18 12:48:16.378  INFO 5536 --- [main] c.m.spring.database.pool.ConnectionPool  : Init...
2025-04-18 12:48:16.640  INFO 5536 --- [main] o.s.s.web.DefaultSecurityFilterChain     : Will secure any request with [org.springframework.security.web.session.DisableEncodeUrlFilter@3c1ef806, org.springframework.security.web.context.request.async.WebAsyncManagerIntegrationFilter@969c2f9, org.springframework.security.web.context.SecurityContextPersistenceFilter@f047670, org.springframework.security.web.header.HeaderWriterFilter@1a0e5c0c, org.springframework.security.web.csrf.CsrfFilter@5cbaafbd, org.springframework.security.web.authentication.logout.LogoutFilter@6ad4ef13, org.springframework.security.web.authentication.UsernamePasswordAuthenticationFilter@585718dd, org.springframework.security.web.savedrequest.RequestCacheAwareFilter@57cc0333, org.springframework.security.web.servletapi.SecurityContextHolderAwareRequestFilter@2d91147b, org.springframework.security.web.authentication.AnonymousAuthenticationFilter@7bbc11ed, org.springframework.security.web.session.SessionManagementFilter@2f0b5d79, org.springframework.security.web.access.ExceptionTranslationFilter@45f4c27c, org.springframework.security.web.access.intercept.FilterSecurityInterceptor@15ade272]
2025-04-18 12:48:16.672  INFO 5536 --- [main] o.s.b.w.embedded.tomcat.TomcatWebServer  : Tomcat started on port(s): 8080 (http) with context path ''
2025-04-18 12:48:16.678  INFO 5536 --- [main] com.mndev.spring.ApplicationRunner       : Started ApplicationRunner in 2.297 seconds (JVM running for 2.672)
2025-04-18 12:48:18.096  INFO 5536 --- [http-nio-8080-exec-1] o.a.c.c.C.[Tomcat].[localhost].[/]       : Initializing Spring DispatcherServlet 'dispatcherServlet'
2025-04-18 12:48:18.097  INFO 5536 --- [http-nio-8080-exec-1] o.s.web.servlet.DispatcherServlet        : Initializing Servlet 'dispatcherServlet'
2025-04-18 12:48:18.097  INFO 5536 --- [http-nio-8080-exec-1] o.s.web.servlet.DispatcherServlet        : Completed initialization in 0 ms
2025-04-18 12:49:07.237  INFO 5536 --- [SpringApplicationShutdownHook] c.m.spring.database.pool.ConnectionPool  : Clean...
2025-04-18 12:49:07.237  INFO 5536 --- [SpringApplicationShutdownHook] c.m.spring.database.pool.ConnectionPool  : Clean...
2025-04-18 12:49:07.238  INFO 5536 --- [SpringApplicationShutdownHook] j.LocalContainerEntityManagerFactoryBean : Closing JPA EntityManagerFactory for persistence unit 'default'
2025-04-18 12:49:07.239  INFO 5536 --- [SpringApplicationShutdownHook] com.zaxxer.hikari.HikariDataSource       : HikariPool-1 - Shutdown initiated...
2025-04-18 12:49:07.243  INFO 5536 --- [SpringApplicationShutdownHook] com.zaxxer.hikari.HikariDataSource       : HikariPool-1 - Shutdown completed.
2025-04-18 12:49:09.603  INFO 21876 --- [main] com.mndev.spring.ApplicationRunner       : Starting ApplicationRunner using Java 11.0.11 on DESKTOP-ESP161B with PID 21876 (C:\Users\PC\IdeaProjects\spring-starter\build\classes\java\main started by PC in C:\Users\PC\IdeaProjects\spring-starter)
2025-04-18 12:49:09.604  INFO 21876 --- [main] com.mndev.spring.ApplicationRunner       : No active profile set, falling back to 1 default profile: "default"
2025-04-18 12:49:09.943  INFO 21876 --- [main] .s.d.r.c.RepositoryConfigurationDelegate : Bootstrapping Spring Data JPA repositories in DEFAULT mode.
2025-04-18 12:49:09.973  INFO 21876 --- [main] .s.d.r.c.RepositoryConfigurationDelegate : Finished Spring Data repository scanning in 26 ms. Found 2 JPA repository interfaces.
2025-04-18 12:49:10.255  INFO 21876 --- [main] o.s.b.w.embedded.tomcat.TomcatWebServer  : Tomcat initialized with port(s): 8080 (http)
2025-04-18 12:49:10.259  INFO 21876 --- [main] o.apache.catalina.core.StandardService   : Starting service [Tomcat]
2025-04-18 12:49:10.259  INFO 21876 --- [main] org.apache.catalina.core.StandardEngine  : Starting Servlet engine: [Apache Tomcat/9.0.83]
2025-04-18 12:49:10.366  INFO 21876 --- [main] org.apache.jasper.servlet.TldScanner     : At least one JAR was scanned for TLDs yet contained no TLDs. Enable debug logging for this logger for a complete list of JARs that were scanned but no TLDs were found in them. Skipping unneeded JARs during scanning can improve startup time and JSP compilation time.
2025-04-18 12:49:10.369  INFO 21876 --- [main] o.a.c.c.C.[Tomcat].[localhost].[/]       : Initializing Spring embedded WebApplicationContext
2025-04-18 12:49:10.370  INFO 21876 --- [main] w.s.c.ServletWebServerApplicationContext : Root WebApplicationContext: initialization completed in 748 ms
2025-04-18 12:49:10.436  INFO 21876 --- [main] o.hibernate.jpa.internal.util.LogHelper  : HHH000204: Processing PersistenceUnitInfo [name: default]
2025-04-18 12:49:10.453  INFO 21876 --- [main] org.hibernate.Version                    : HHH000412: Hibernate ORM core version 5.6.15.Final
2025-04-18 12:49:10.508  INFO 21876 --- [main] o.hibernate.annotations.common.Version   : HCANN000001: Hibernate Commons Annotations {5.1.2.Final}
2025-04-18 12:49:10.545  INFO 21876 --- [main] com.zaxxer.hikari.HikariDataSource       : HikariPool-1 - Starting...
2025-04-18 12:49:10.618  INFO 21876 --- [main] com.zaxxer.hikari.HikariDataSource       : HikariPool-1 - Start completed.
2025-04-18 12:49:10.627  INFO 21876 --- [main] org.hibernate.dialect.Dialect            : HHH000400: Using dialect: org.hibernate.dialect.PostgreSQL10Dialect
2025-04-18 12:49:10.926  INFO 21876 --- [main] o.h.e.t.j.p.i.JtaPlatformInitiator       : HHH000490: Using JtaPlatform implementation: [org.hibernate.engine.transaction.jta.platform.internal.NoJtaPlatform]
2025-04-18 12:49:10.932  INFO 21876 --- [main] j.LocalContainerEntityManagerFactoryBean : Initialized JPA EntityManagerFactory for persistence unit 'default'
2025-04-18 12:49:10.937  INFO 21876 --- [main] c.mndev.spring.config.JpaConfiguration   : JpaConfiguration init
2025-04-18 12:49:11.023  INFO 21876 --- [main] c.m.spring.database.pool.ConnectionPool  : Init...
2025-04-18 12:49:11.296  INFO 21876 --- [main] c.m.spring.database.pool.ConnectionPool  : Init...
2025-04-18 12:49:11.540  INFO 21876 --- [main] o.s.s.web.DefaultSecurityFilterChain     : Will secure any request with [org.springframework.security.web.session.DisableEncodeUrlFilter@9cdf13e, org.springframework.security.web.context.request.async.WebAsyncManagerIntegrationFilter@3bede349, org.springframework.security.web.context.SecurityContextPersistenceFilter@9120cb5, org.springframework.security.web.header.HeaderWriterFilter@2446597e, org.springframework.security.web.csrf.CsrfFilter@870413c, org.springframework.security.web.authentication.logout.LogoutFilter@7b45f7ef, org.springframework.security.web.authentication.UsernamePasswordAuthenticationFilter@969c2f9, org.springframework.security.web.savedrequest.RequestCacheAwareFilter@1930e8ef, org.springframework.security.web.servletapi.SecurityContextHolderAwareRequestFilter@157267db, org.springframework.security.web.authentication.AnonymousAuthenticationFilter@501956f9, org.springframework.security.web.session.SessionManagementFilter@7aad7df5, org.springframework.security.web.access.ExceptionTranslationFilter@1e186006, org.springframework.security.web.access.intercept.FilterSecurityInterceptor@5a644d75]
2025-04-18 12:49:11.570  INFO 21876 --- [main] o.s.b.w.embedded.tomcat.TomcatWebServer  : Tomcat started on port(s): 8080 (http) with context path ''
2025-04-18 12:49:11.576  INFO 21876 --- [main] com.mndev.spring.ApplicationRunner       : Started ApplicationRunner in 2.143 seconds (JVM running for 2.5)
2025-04-18 12:49:13.923  INFO 21876 --- [http-nio-8080-exec-1] o.a.c.c.C.[Tomcat].[localhost].[/]       : Initializing Spring DispatcherServlet 'dispatcherServlet'
2025-04-18 12:49:13.923  INFO 21876 --- [http-nio-8080-exec-1] o.s.web.servlet.DispatcherServlet        : Initializing Servlet 'dispatcherServlet'
2025-04-18 12:49:13.924  INFO 21876 --- [http-nio-8080-exec-1] o.s.web.servlet.DispatcherServlet        : Completed initialization in 1 ms
2025-04-18 12:53:28.479  INFO 21876 --- [SpringApplicationShutdownHook] c.m.spring.database.pool.ConnectionPool  : Clean...
2025-04-18 12:53:28.480  INFO 21876 --- [SpringApplicationShutdownHook] c.m.spring.database.pool.ConnectionPool  : Clean...
2025-04-18 12:53:28.480  INFO 21876 --- [SpringApplicationShutdownHook] j.LocalContainerEntityManagerFactoryBean : Closing JPA EntityManagerFactory for persistence unit 'default'
2025-04-18 12:53:28.481  INFO 21876 --- [SpringApplicationShutdownHook] com.zaxxer.hikari.HikariDataSource       : HikariPool-1 - Shutdown initiated...
2025-04-18 12:53:28.486  INFO 21876 --- [SpringApplicationShutdownHook] com.zaxxer.hikari.HikariDataSource       : HikariPool-1 - Shutdown completed.
2025-04-18 12:53:32.070  INFO 11652 --- [main] com.mndev.spring.ApplicationRunner       : Starting ApplicationRunner using Java 11.0.11 on DESKTOP-ESP161B with PID 11652 (C:\Users\PC\IdeaProjects\spring-starter\build\classes\java\main started by PC in C:\Users\PC\IdeaProjects\spring-starter)
2025-04-18 12:53:32.071  INFO 11652 --- [main] com.mndev.spring.ApplicationRunner       : No active profile set, falling back to 1 default profile: "default"
2025-04-18 12:53:32.426  INFO 11652 --- [main] .s.d.r.c.RepositoryConfigurationDelegate : Bootstrapping Spring Data JPA repositories in DEFAULT mode.
2025-04-18 12:53:32.460  INFO 11652 --- [main] .s.d.r.c.RepositoryConfigurationDelegate : Finished Spring Data repository scanning in 30 ms. Found 2 JPA repository interfaces.
2025-04-18 12:53:32.746  INFO 11652 --- [main] o.s.b.w.embedded.tomcat.TomcatWebServer  : Tomcat initialized with port(s): 8080 (http)
2025-04-18 12:53:32.750  INFO 11652 --- [main] o.apache.catalina.core.StandardService   : Starting service [Tomcat]
2025-04-18 12:53:32.750  INFO 11652 --- [main] org.apache.catalina.core.StandardEngine  : Starting Servlet engine: [Apache Tomcat/9.0.83]
2025-04-18 12:53:32.851  INFO 11652 --- [main] org.apache.jasper.servlet.TldScanner     : At least one JAR was scanned for TLDs yet contained no TLDs. Enable debug logging for this logger for a complete list of JARs that were scanned but no TLDs were found in them. Skipping unneeded JARs during scanning can improve startup time and JSP compilation time.
2025-04-18 12:53:32.855  INFO 11652 --- [main] o.a.c.c.C.[Tomcat].[localhost].[/]       : Initializing Spring embedded WebApplicationContext
2025-04-18 12:53:32.855  INFO 11652 --- [main] w.s.c.ServletWebServerApplicationContext : Root WebApplicationContext: initialization completed in 763 ms
2025-04-18 12:53:32.924  INFO 11652 --- [main] o.hibernate.jpa.internal.util.LogHelper  : HHH000204: Processing PersistenceUnitInfo [name: default]
2025-04-18 12:53:32.941  INFO 11652 --- [main] org.hibernate.Version                    : HHH000412: Hibernate ORM core version 5.6.15.Final
2025-04-18 12:53:32.997  INFO 11652 --- [main] o.hibernate.annotations.common.Version   : HCANN000001: Hibernate Commons Annotations {5.1.2.Final}
2025-04-18 12:53:33.037  INFO 11652 --- [main] com.zaxxer.hikari.HikariDataSource       : HikariPool-1 - Starting...
2025-04-18 12:53:33.114  INFO 11652 --- [main] com.zaxxer.hikari.HikariDataSource       : HikariPool-1 - Start completed.
2025-04-18 12:53:33.123  INFO 11652 --- [main] org.hibernate.dialect.Dialect            : HHH000400: Using dialect: org.hibernate.dialect.PostgreSQL10Dialect
2025-04-18 12:53:33.453  INFO 11652 --- [main] o.h.e.t.j.p.i.JtaPlatformInitiator       : HHH000490: Using JtaPlatform implementation: [org.hibernate.engine.transaction.jta.platform.internal.NoJtaPlatform]
2025-04-18 12:53:33.459  INFO 11652 --- [main] j.LocalContainerEntityManagerFactoryBean : Initialized JPA EntityManagerFactory for persistence unit 'default'
2025-04-18 12:53:33.465  INFO 11652 --- [main] c.mndev.spring.config.JpaConfiguration   : JpaConfiguration init
2025-04-18 12:53:33.546  INFO 11652 --- [main] c.m.spring.database.pool.ConnectionPool  : Init...
2025-04-18 12:53:33.838  INFO 11652 --- [main] c.m.spring.database.pool.ConnectionPool  : Init...
2025-04-18 12:53:34.090  INFO 11652 --- [main] o.s.s.web.DefaultSecurityFilterChain     : Will secure any request with [org.springframework.security.web.session.DisableEncodeUrlFilter@4ee80a94, org.springframework.security.web.context.request.async.WebAsyncManagerIntegrationFilter@7afac89a, org.springframework.security.web.context.SecurityContextPersistenceFilter@2d91147b, org.springframework.security.web.header.HeaderWriterFilter@5aa2758a, org.springframework.security.web.csrf.CsrfFilter@47f677a4, org.springframework.security.web.authentication.logout.LogoutFilter@58fb5b8f, org.springframework.security.web.authentication.UsernamePasswordAuthenticationFilter@299c86f0, org.springframework.security.web.savedrequest.RequestCacheAwareFilter@69c335c4, org.springframework.security.web.servletapi.SecurityContextHolderAwareRequestFilter@7c7a4986, org.springframework.security.web.authentication.AnonymousAuthenticationFilter@76d220eb, org.springframework.security.web.session.SessionManagementFilter@2d732cda, org.springframework.security.web.access.ExceptionTranslationFilter@9120cb5, org.springframework.security.web.access.intercept.FilterSecurityInterceptor@36e11b60]
2025-04-18 12:53:34.122  INFO 11652 --- [main] o.s.b.w.embedded.tomcat.TomcatWebServer  : Tomcat started on port(s): 8080 (http) with context path ''
2025-04-18 12:53:34.128  INFO 11652 --- [main] com.mndev.spring.ApplicationRunner       : Started ApplicationRunner in 2.248 seconds (JVM running for 2.627)
2025-04-18 12:53:41.624  INFO 11652 --- [http-nio-8080-exec-1] o.a.c.c.C.[Tomcat].[localhost].[/]       : Initializing Spring DispatcherServlet 'dispatcherServlet'
2025-04-18 12:53:41.625  INFO 11652 --- [http-nio-8080-exec-1] o.s.web.servlet.DispatcherServlet        : Initializing Servlet 'dispatcherServlet'
2025-04-18 12:53:41.626  INFO 11652 --- [http-nio-8080-exec-1] o.s.web.servlet.DispatcherServlet        : Completed initialization in 1 ms
2025-04-18 12:53:41.909  INFO 11652 --- [http-nio-8080-exec-3] o.springdoc.api.AbstractOpenApiResource  : Init duration for springdoc-openapi is: 169 ms
2025-04-18 12:54:52.840  INFO 11652 --- [SpringApplicationShutdownHook] c.m.spring.database.pool.ConnectionPool  : Clean...
2025-04-18 12:54:52.840  INFO 11652 --- [SpringApplicationShutdownHook] c.m.spring.database.pool.ConnectionPool  : Clean...
2025-04-18 12:54:52.841  INFO 11652 --- [SpringApplicationShutdownHook] j.LocalContainerEntityManagerFactoryBean : Closing JPA EntityManagerFactory for persistence unit 'default'
2025-04-18 12:54:52.842  INFO 11652 --- [SpringApplicationShutdownHook] com.zaxxer.hikari.HikariDataSource       : HikariPool-1 - Shutdown initiated...
2025-04-18 12:54:52.846  INFO 11652 --- [SpringApplicationShutdownHook] com.zaxxer.hikari.HikariDataSource       : HikariPool-1 - Shutdown completed.
2025-04-18 12:54:55.292  INFO 22300 --- [main] com.mndev.spring.ApplicationRunner       : Starting ApplicationRunner using Java 11.0.11 on DESKTOP-ESP161B with PID 22300 (C:\Users\PC\IdeaProjects\spring-starter\build\classes\java\main started by PC in C:\Users\PC\IdeaProjects\spring-starter)
2025-04-18 12:54:55.293  INFO 22300 --- [main] com.mndev.spring.ApplicationRunner       : No active profile set, falling back to 1 default profile: "default"
2025-04-18 12:54:55.637  INFO 22300 --- [main] .s.d.r.c.RepositoryConfigurationDelegate : Bootstrapping Spring Data JPA repositories in DEFAULT mode.
2025-04-18 12:54:55.670  INFO 22300 --- [main] .s.d.r.c.RepositoryConfigurationDelegate : Finished Spring Data repository scanning in 29 ms. Found 2 JPA repository interfaces.
2025-04-18 12:54:55.953  INFO 22300 --- [main] o.s.b.w.embedded.tomcat.TomcatWebServer  : Tomcat initialized with port(s): 8080 (http)
2025-04-18 12:54:55.956  INFO 22300 --- [main] o.apache.catalina.core.StandardService   : Starting service [Tomcat]
2025-04-18 12:54:55.956  INFO 22300 --- [main] org.apache.catalina.core.StandardEngine  : Starting Servlet engine: [Apache Tomcat/9.0.83]
2025-04-18 12:54:56.054  INFO 22300 --- [main] org.apache.jasper.servlet.TldScanner     : At least one JAR was scanned for TLDs yet contained no TLDs. Enable debug logging for this logger for a complete list of JARs that were scanned but no TLDs were found in them. Skipping unneeded JARs during scanning can improve startup time and JSP compilation time.
2025-04-18 12:54:56.058  INFO 22300 --- [main] o.a.c.c.C.[Tomcat].[localhost].[/]       : Initializing Spring embedded WebApplicationContext
2025-04-18 12:54:56.059  INFO 22300 --- [main] w.s.c.ServletWebServerApplicationContext : Root WebApplicationContext: initialization completed in 747 ms
2025-04-18 12:54:56.127  INFO 22300 --- [main] o.hibernate.jpa.internal.util.LogHelper  : HHH000204: Processing PersistenceUnitInfo [name: default]
2025-04-18 12:54:56.145  INFO 22300 --- [main] org.hibernate.Version                    : HHH000412: Hibernate ORM core version 5.6.15.Final
2025-04-18 12:54:56.204  INFO 22300 --- [main] o.hibernate.annotations.common.Version   : HCANN000001: Hibernate Commons Annotations {5.1.2.Final}
2025-04-18 12:54:56.245  INFO 22300 --- [main] com.zaxxer.hikari.HikariDataSource       : HikariPool-1 - Starting...
2025-04-18 12:54:56.323  INFO 22300 --- [main] com.zaxxer.hikari.HikariDataSource       : HikariPool-1 - Start completed.
2025-04-18 12:54:56.333  INFO 22300 --- [main] org.hibernate.dialect.Dialect            : HHH000400: Using dialect: org.hibernate.dialect.PostgreSQL10Dialect
2025-04-18 12:54:56.665  INFO 22300 --- [main] o.h.e.t.j.p.i.JtaPlatformInitiator       : HHH000490: Using JtaPlatform implementation: [org.hibernate.engine.transaction.jta.platform.internal.NoJtaPlatform]
2025-04-18 12:54:56.671  INFO 22300 --- [main] j.LocalContainerEntityManagerFactoryBean : Initialized JPA EntityManagerFactory for persistence unit 'default'
2025-04-18 12:54:56.676  INFO 22300 --- [main] c.mndev.spring.config.JpaConfiguration   : JpaConfiguration init
2025-04-18 12:54:56.759  INFO 22300 --- [main] c.m.spring.database.pool.ConnectionPool  : Init...
2025-04-18 12:54:57.055  INFO 22300 --- [main] c.m.spring.database.pool.ConnectionPool  : Init...
2025-04-18 12:54:57.316  INFO 22300 --- [main] o.s.s.web.DefaultSecurityFilterChain     : Will secure any request with [org.springframework.security.web.session.DisableEncodeUrlFilter@183435c0, org.springframework.security.web.context.request.async.WebAsyncManagerIntegrationFilter@69862a1, org.springframework.security.web.context.SecurityContextPersistenceFilter@64710a6, org.springframework.security.web.header.HeaderWriterFilter@5f510929, org.springframework.security.web.csrf.CsrfFilter@1a23136f, org.springframework.security.web.authentication.logout.LogoutFilter@1a4564a2, org.springframework.security.web.authentication.UsernamePasswordAuthenticationFilter@4b8c9729, org.springframework.security.web.savedrequest.RequestCacheAwareFilter@27d44578, org.springframework.security.web.servletapi.SecurityContextHolderAwareRequestFilter@18419ab7, org.springframework.security.web.authentication.AnonymousAuthenticationFilter@585718dd, org.springframework.security.web.session.SessionManagementFilter@6abca7a6, org.springframework.security.web.access.ExceptionTranslationFilter@75bbe39d, org.springframework.security.web.access.intercept.FilterSecurityInterceptor@27244a88]
2025-04-18 12:54:57.351  INFO 22300 --- [main] o.s.b.w.embedded.tomcat.TomcatWebServer  : Tomcat started on port(s): 8080 (http) with context path ''
2025-04-18 12:54:57.357  INFO 22300 --- [main] com.mndev.spring.ApplicationRunner       : Started ApplicationRunner in 2.254 seconds (JVM running for 2.622)
2025-04-18 12:54:58.405  INFO 22300 --- [http-nio-8080-exec-1] o.a.c.c.C.[Tomcat].[localhost].[/]       : Initializing Spring DispatcherServlet 'dispatcherServlet'
2025-04-18 12:54:58.405  INFO 22300 --- [http-nio-8080-exec-1] o.s.web.servlet.DispatcherServlet        : Initializing Servlet 'dispatcherServlet'
2025-04-18 12:54:58.406  INFO 22300 --- [http-nio-8080-exec-1] o.s.web.servlet.DispatcherServlet        : Completed initialization in 0 ms
2025-04-18 12:55:27.592  INFO 22300 --- [SpringApplicationShutdownHook] c.m.spring.database.pool.ConnectionPool  : Clean...
2025-04-18 12:55:27.592  INFO 22300 --- [SpringApplicationShutdownHook] c.m.spring.database.pool.ConnectionPool  : Clean...
2025-04-18 12:55:27.593  INFO 22300 --- [SpringApplicationShutdownHook] j.LocalContainerEntityManagerFactoryBean : Closing JPA EntityManagerFactory for persistence unit 'default'
2025-04-18 12:55:27.594  INFO 22300 --- [SpringApplicationShutdownHook] com.zaxxer.hikari.HikariDataSource       : HikariPool-1 - Shutdown initiated...
2025-04-18 12:55:27.598  INFO 22300 --- [SpringApplicationShutdownHook] com.zaxxer.hikari.HikariDataSource       : HikariPool-1 - Shutdown completed.
2025-04-18 12:55:30.042  INFO 22472 --- [main] com.mndev.spring.ApplicationRunner       : Starting ApplicationRunner using Java 11.0.11 on DESKTOP-ESP161B with PID 22472 (C:\Users\PC\IdeaProjects\spring-starter\build\classes\java\main started by PC in C:\Users\PC\IdeaProjects\spring-starter)
2025-04-18 12:55:30.044  INFO 22472 --- [main] com.mndev.spring.ApplicationRunner       : No active profile set, falling back to 1 default profile: "default"
2025-04-18 12:55:30.394  INFO 22472 --- [main] .s.d.r.c.RepositoryConfigurationDelegate : Bootstrapping Spring Data JPA repositories in DEFAULT mode.
2025-04-18 12:55:30.427  INFO 22472 --- [main] .s.d.r.c.RepositoryConfigurationDelegate : Finished Spring Data repository scanning in 28 ms. Found 2 JPA repository interfaces.
2025-04-18 12:55:30.714  INFO 22472 --- [main] o.s.b.w.embedded.tomcat.TomcatWebServer  : Tomcat initialized with port(s): 8080 (http)
2025-04-18 12:55:30.718  INFO 22472 --- [main] o.apache.catalina.core.StandardService   : Starting service [Tomcat]
2025-04-18 12:55:30.718  INFO 22472 --- [main] org.apache.catalina.core.StandardEngine  : Starting Servlet engine: [Apache Tomcat/9.0.83]
2025-04-18 12:55:30.828  INFO 22472 --- [main] org.apache.jasper.servlet.TldScanner     : At least one JAR was scanned for TLDs yet contained no TLDs. Enable debug logging for this logger for a complete list of JARs that were scanned but no TLDs were found in them. Skipping unneeded JARs during scanning can improve startup time and JSP compilation time.
2025-04-18 12:55:30.832  INFO 22472 --- [main] o.a.c.c.C.[Tomcat].[localhost].[/]       : Initializing Spring embedded WebApplicationContext
2025-04-18 12:55:30.832  INFO 22472 --- [main] w.s.c.ServletWebServerApplicationContext : Root WebApplicationContext: initialization completed in 768 ms
2025-04-18 12:55:30.901  INFO 22472 --- [main] o.hibernate.jpa.internal.util.LogHelper  : HHH000204: Processing PersistenceUnitInfo [name: default]
2025-04-18 12:55:30.919  INFO 22472 --- [main] org.hibernate.Version                    : HHH000412: Hibernate ORM core version 5.6.15.Final
2025-04-18 12:55:30.979  INFO 22472 --- [main] o.hibernate.annotations.common.Version   : HCANN000001: Hibernate Commons Annotations {5.1.2.Final}
2025-04-18 12:55:31.018  INFO 22472 --- [main] com.zaxxer.hikari.HikariDataSource       : HikariPool-1 - Starting...
2025-04-18 12:55:31.098  INFO 22472 --- [main] com.zaxxer.hikari.HikariDataSource       : HikariPool-1 - Start completed.
2025-04-18 12:55:31.107  INFO 22472 --- [main] org.hibernate.dialect.Dialect            : HHH000400: Using dialect: org.hibernate.dialect.PostgreSQL10Dialect
2025-04-18 12:55:31.432  INFO 22472 --- [main] o.h.e.t.j.p.i.JtaPlatformInitiator       : HHH000490: Using JtaPlatform implementation: [org.hibernate.engine.transaction.jta.platform.internal.NoJtaPlatform]
2025-04-18 12:55:31.438  INFO 22472 --- [main] j.LocalContainerEntityManagerFactoryBean : Initialized JPA EntityManagerFactory for persistence unit 'default'
2025-04-18 12:55:31.443  INFO 22472 --- [main] c.mndev.spring.config.JpaConfiguration   : JpaConfiguration init
2025-04-18 12:55:31.527  INFO 22472 --- [main] c.m.spring.database.pool.ConnectionPool  : Init...
2025-04-18 12:55:31.805  INFO 22472 --- [main] c.m.spring.database.pool.ConnectionPool  : Init...
2025-04-18 12:55:32.059  INFO 22472 --- [main] o.s.s.web.DefaultSecurityFilterChain     : Will secure any request with [org.springframework.security.web.session.DisableEncodeUrlFilter@7bbc11ed, org.springframework.security.web.context.request.async.WebAsyncManagerIntegrationFilter@7d741200, org.springframework.security.web.context.SecurityContextPersistenceFilter@27d44578, org.springframework.security.web.header.HeaderWriterFilter@2f0b5d79, org.springframework.security.web.csrf.CsrfFilter@6edb093f, org.springframework.security.web.authentication.logout.LogoutFilter@7c7a4986, org.springframework.security.web.authentication.UsernamePasswordAuthenticationFilter@6347f9cc, org.springframework.security.web.savedrequest.RequestCacheAwareFilter@5aa2758a, org.springframework.security.web.servletapi.SecurityContextHolderAwareRequestFilter@1299fed3, org.springframework.security.web.authentication.AnonymousAuthenticationFilter@36e11b60, org.springframework.security.web.session.SessionManagementFilter@761ea1f5, org.springframework.security.web.access.ExceptionTranslationFilter@949165f, org.springframework.security.web.access.intercept.FilterSecurityInterceptor@d426e01]
2025-04-18 12:55:32.091  INFO 22472 --- [main] o.s.b.w.embedded.tomcat.TomcatWebServer  : Tomcat started on port(s): 8080 (http) with context path ''
2025-04-18 12:55:32.098  INFO 22472 --- [main] com.mndev.spring.ApplicationRunner       : Started ApplicationRunner in 2.237 seconds (JVM running for 2.614)
2025-04-18 12:55:32.192  INFO 22472 --- [http-nio-8080-exec-1] o.a.c.c.C.[Tomcat].[localhost].[/]       : Initializing Spring DispatcherServlet 'dispatcherServlet'
2025-04-18 12:55:32.192  INFO 22472 --- [http-nio-8080-exec-1] o.s.web.servlet.DispatcherServlet        : Initializing Servlet 'dispatcherServlet'
2025-04-18 12:55:32.193  INFO 22472 --- [http-nio-8080-exec-1] o.s.web.servlet.DispatcherServlet        : Completed initialization in 0 ms
2025-04-18 12:57:41.323  INFO 22472 --- [SpringApplicationShutdownHook] c.m.spring.database.pool.ConnectionPool  : Clean...
2025-04-18 12:57:41.324  INFO 22472 --- [SpringApplicationShutdownHook] c.m.spring.database.pool.ConnectionPool  : Clean...
2025-04-18 12:57:41.324  INFO 22472 --- [SpringApplicationShutdownHook] j.LocalContainerEntityManagerFactoryBean : Closing JPA EntityManagerFactory for persistence unit 'default'
2025-04-18 12:57:41.325  INFO 22472 --- [SpringApplicationShutdownHook] com.zaxxer.hikari.HikariDataSource       : HikariPool-1 - Shutdown initiated...
2025-04-18 12:57:41.330  INFO 22472 --- [SpringApplicationShutdownHook] com.zaxxer.hikari.HikariDataSource       : HikariPool-1 - Shutdown completed.
2025-04-18 12:57:43.718  INFO 14992 --- [main] com.mndev.spring.ApplicationRunner       : Starting ApplicationRunner using Java 11.0.11 on DESKTOP-ESP161B with PID 14992 (C:\Users\PC\IdeaProjects\spring-starter\build\classes\java\main started by PC in C:\Users\PC\IdeaProjects\spring-starter)
2025-04-18 12:57:43.720  INFO 14992 --- [main] com.mndev.spring.ApplicationRunner       : No active profile set, falling back to 1 default profile: "default"
2025-04-18 12:57:44.090  INFO 14992 --- [main] .s.d.r.c.RepositoryConfigurationDelegate : Bootstrapping Spring Data JPA repositories in DEFAULT mode.
2025-04-18 12:57:44.121  INFO 14992 --- [main] .s.d.r.c.RepositoryConfigurationDelegate : Finished Spring Data repository scanning in 26 ms. Found 2 JPA repository interfaces.
2025-04-18 12:57:44.410  INFO 14992 --- [main] o.s.b.w.embedded.tomcat.TomcatWebServer  : Tomcat initialized with port(s): 8080 (http)
2025-04-18 12:57:44.414  INFO 14992 --- [main] o.apache.catalina.core.StandardService   : Starting service [Tomcat]
2025-04-18 12:57:44.414  INFO 14992 --- [main] org.apache.catalina.core.StandardEngine  : Starting Servlet engine: [Apache Tomcat/9.0.83]
2025-04-18 12:57:44.522  INFO 14992 --- [main] org.apache.jasper.servlet.TldScanner     : At least one JAR was scanned for TLDs yet contained no TLDs. Enable debug logging for this logger for a complete list of JARs that were scanned but no TLDs were found in them. Skipping unneeded JARs during scanning can improve startup time and JSP compilation time.
2025-04-18 12:57:44.526  INFO 14992 --- [main] o.a.c.c.C.[Tomcat].[localhost].[/]       : Initializing Spring embedded WebApplicationContext
2025-04-18 12:57:44.526  INFO 14992 --- [main] w.s.c.ServletWebServerApplicationContext : Root WebApplicationContext: initialization completed in 785 ms
2025-04-18 12:57:44.594  INFO 14992 --- [main] o.hibernate.jpa.internal.util.LogHelper  : HHH000204: Processing PersistenceUnitInfo [name: default]
2025-04-18 12:57:44.611  INFO 14992 --- [main] org.hibernate.Version                    : HHH000412: Hibernate ORM core version 5.6.15.Final
2025-04-18 12:57:44.675  INFO 14992 --- [main] o.hibernate.annotations.common.Version   : HCANN000001: Hibernate Commons Annotations {5.1.2.Final}
2025-04-18 12:57:44.715  INFO 14992 --- [main] com.zaxxer.hikari.HikariDataSource       : HikariPool-1 - Starting...
2025-04-18 12:57:44.791  INFO 14992 --- [main] com.zaxxer.hikari.HikariDataSource       : HikariPool-1 - Start completed.
2025-04-18 12:57:44.799  INFO 14992 --- [main] org.hibernate.dialect.Dialect            : HHH000400: Using dialect: org.hibernate.dialect.PostgreSQL10Dialect
2025-04-18 12:57:45.099  INFO 14992 --- [main] o.h.e.t.j.p.i.JtaPlatformInitiator       : HHH000490: Using JtaPlatform implementation: [org.hibernate.engine.transaction.jta.platform.internal.NoJtaPlatform]
2025-04-18 12:57:45.104  INFO 14992 --- [main] j.LocalContainerEntityManagerFactoryBean : Initialized JPA EntityManagerFactory for persistence unit 'default'
2025-04-18 12:57:45.109  INFO 14992 --- [main] c.mndev.spring.config.JpaConfiguration   : JpaConfiguration init
2025-04-18 12:57:45.197  INFO 14992 --- [main] c.m.spring.database.pool.ConnectionPool  : Init...
2025-04-18 12:57:45.487  INFO 14992 --- [main] c.m.spring.database.pool.ConnectionPool  : Init...
2025-04-18 12:57:45.747  INFO 14992 --- [main] o.s.s.web.DefaultSecurityFilterChain     : Will secure any request with [org.springframework.security.web.session.DisableEncodeUrlFilter@29dcad7e, org.springframework.security.web.context.request.async.WebAsyncManagerIntegrationFilter@5ce1ec7, org.springframework.security.web.context.SecurityContextPersistenceFilter@4cb87009, org.springframework.security.web.header.HeaderWriterFilter@3c98eaa9, org.springframework.security.web.csrf.CsrfFilter@2f0b5d79, org.springframework.security.web.authentication.logout.LogoutFilter@25031fd4, org.springframework.security.web.authentication.UsernamePasswordAuthenticationFilter@4ccf1d3e, org.springframework.security.web.savedrequest.RequestCacheAwareFilter@4b20a8e4, org.springframework.security.web.servletapi.SecurityContextHolderAwareRequestFilter@380e470a, org.springframework.security.web.authentication.AnonymousAuthenticationFilter@627cb3ed, org.springframework.security.web.session.SessionManagementFilter@1930e8ef, org.springframework.security.web.access.ExceptionTranslationFilter@4e22dadb, org.springframework.security.web.access.intercept.FilterSecurityInterceptor@9cdf13e]
2025-04-18 12:57:45.780  INFO 14992 --- [main] o.s.b.w.embedded.tomcat.TomcatWebServer  : Tomcat started on port(s): 8080 (http) with context path ''
2025-04-18 12:57:45.786  INFO 14992 --- [main] com.mndev.spring.ApplicationRunner       : Started ApplicationRunner in 2.25 seconds (JVM running for 2.619)
2025-04-18 12:57:47.497  INFO 14992 --- [http-nio-8080-exec-1] o.a.c.c.C.[Tomcat].[localhost].[/]       : Initializing Spring DispatcherServlet 'dispatcherServlet'
2025-04-18 12:57:47.497  INFO 14992 --- [http-nio-8080-exec-1] o.s.web.servlet.DispatcherServlet        : Initializing Servlet 'dispatcherServlet'
2025-04-18 12:57:47.498  INFO 14992 --- [http-nio-8080-exec-1] o.s.web.servlet.DispatcherServlet        : Completed initialization in 0 ms
2025-04-18 13:00:00.910  INFO 14992 --- [SpringApplicationShutdownHook] c.m.spring.database.pool.ConnectionPool  : Clean...
2025-04-18 13:00:00.910  INFO 14992 --- [SpringApplicationShutdownHook] c.m.spring.database.pool.ConnectionPool  : Clean...
2025-04-18 13:00:00.911  INFO 14992 --- [SpringApplicationShutdownHook] j.LocalContainerEntityManagerFactoryBean : Closing JPA EntityManagerFactory for persistence unit 'default'
2025-04-18 13:00:00.912  INFO 14992 --- [SpringApplicationShutdownHook] com.zaxxer.hikari.HikariDataSource       : HikariPool-1 - Shutdown initiated...
2025-04-18 13:00:00.917  INFO 14992 --- [SpringApplicationShutdownHook] com.zaxxer.hikari.HikariDataSource       : HikariPool-1 - Shutdown completed.
2025-04-18 13:00:05.272  INFO 12400 --- [main] com.mndev.spring.ApplicationRunner       : Starting ApplicationRunner using Java 11.0.11 on DESKTOP-ESP161B with PID 12400 (C:\Users\PC\IdeaProjects\spring-starter\build\classes\java\main started by PC in C:\Users\PC\IdeaProjects\spring-starter)
2025-04-18 13:00:05.275  INFO 12400 --- [main] com.mndev.spring.ApplicationRunner       : No active profile set, falling back to 1 default profile: "default"
2025-04-18 13:00:05.657  INFO 12400 --- [main] .s.d.r.c.RepositoryConfigurationDelegate : Bootstrapping Spring Data JPA repositories in DEFAULT mode.
2025-04-18 13:00:05.686  INFO 12400 --- [main] .s.d.r.c.RepositoryConfigurationDelegate : Finished Spring Data repository scanning in 25 ms. Found 2 JPA repository interfaces.
2025-04-18 13:00:05.967  INFO 12400 --- [main] o.s.b.w.embedded.tomcat.TomcatWebServer  : Tomcat initialized with port(s): 8080 (http)
2025-04-18 13:00:05.971  INFO 12400 --- [main] o.apache.catalina.core.StandardService   : Starting service [Tomcat]
2025-04-18 13:00:05.971  INFO 12400 --- [main] org.apache.catalina.core.StandardEngine  : Starting Servlet engine: [Apache Tomcat/9.0.83]
2025-04-18 13:00:06.081  INFO 12400 --- [main] org.apache.jasper.servlet.TldScanner     : At least one JAR was scanned for TLDs yet contained no TLDs. Enable debug logging for this logger for a complete list of JARs that were scanned but no TLDs were found in them. Skipping unneeded JARs during scanning can improve startup time and JSP compilation time.
2025-04-18 13:00:06.085  INFO 12400 --- [main] o.a.c.c.C.[Tomcat].[localhost].[/]       : Initializing Spring embedded WebApplicationContext
2025-04-18 13:00:06.085  INFO 12400 --- [main] w.s.c.ServletWebServerApplicationContext : Root WebApplicationContext: initialization completed in 757 ms
2025-04-18 13:00:06.151  INFO 12400 --- [main] o.hibernate.jpa.internal.util.LogHelper  : HHH000204: Processing PersistenceUnitInfo [name: default]
2025-04-18 13:00:06.168  INFO 12400 --- [main] org.hibernate.Version                    : HHH000412: Hibernate ORM core version 5.6.15.Final
2025-04-18 13:00:06.229  INFO 12400 --- [main] o.hibernate.annotations.common.Version   : HCANN000001: Hibernate Commons Annotations {5.1.2.Final}
2025-04-18 13:00:06.268  INFO 12400 --- [main] com.zaxxer.hikari.HikariDataSource       : HikariPool-1 - Starting...
2025-04-18 13:00:06.456  INFO 12400 --- [main] com.zaxxer.hikari.HikariDataSource       : HikariPool-1 - Start completed.
2025-04-18 13:00:06.465  INFO 12400 --- [main] org.hibernate.dialect.Dialect            : HHH000400: Using dialect: org.hibernate.dialect.PostgreSQL10Dialect
2025-04-18 13:00:06.760  INFO 12400 --- [main] o.h.e.t.j.p.i.JtaPlatformInitiator       : HHH000490: Using JtaPlatform implementation: [org.hibernate.engine.transaction.jta.platform.internal.NoJtaPlatform]
2025-04-18 13:00:06.765  INFO 12400 --- [main] j.LocalContainerEntityManagerFactoryBean : Initialized JPA EntityManagerFactory for persistence unit 'default'
2025-04-18 13:00:06.770  INFO 12400 --- [main] c.mndev.spring.config.JpaConfiguration   : JpaConfiguration init
2025-04-18 13:00:06.848  INFO 12400 --- [main] c.m.spring.database.pool.ConnectionPool  : Init...
2025-04-18 13:00:07.127  INFO 12400 --- [main] c.m.spring.database.pool.ConnectionPool  : Init...
2025-04-18 13:00:07.377  INFO 12400 --- [main] o.s.s.web.DefaultSecurityFilterChain     : Will secure any request with [org.springframework.security.web.session.DisableEncodeUrlFilter@585718dd, org.springframework.security.web.context.request.async.WebAsyncManagerIntegrationFilter@5a644d75, org.springframework.security.web.context.SecurityContextPersistenceFilter@47f677a4, org.springframework.security.web.header.HeaderWriterFilter@6abca7a6, org.springframework.security.web.csrf.CsrfFilter@20724c21, org.springframework.security.web.authentication.logout.LogoutFilter@4b8ac512, org.springframework.security.web.authentication.UsernamePasswordAuthenticationFilter@15ade272, org.springframework.security.web.savedrequest.RequestCacheAwareFilter@8dd0c70, org.springframework.security.web.servletapi.SecurityContextHolderAwareRequestFilter@57cc0333, org.springframework.security.web.authentication.AnonymousAuthenticationFilter@6347f9cc, org.springframework.security.web.session.SessionManagementFilter@45f4c27c, org.springframework.security.web.access.ExceptionTranslationFilter@870413c, org.springframework.security.web.access.intercept.FilterSecurityInterceptor@6a233d33]
2025-04-18 13:00:07.408  INFO 12400 --- [main] o.s.b.w.embedded.tomcat.TomcatWebServer  : Tomcat started on port(s): 8080 (http) with context path ''
2025-04-18 13:00:07.414  INFO 12400 --- [main] com.mndev.spring.ApplicationRunner       : Started ApplicationRunner in 2.35 seconds (JVM running for 2.723)
2025-04-18 13:00:10.657  INFO 12400 --- [http-nio-8080-exec-1] o.a.c.c.C.[Tomcat].[localhost].[/]       : Initializing Spring DispatcherServlet 'dispatcherServlet'
2025-04-18 13:00:10.658  INFO 12400 --- [http-nio-8080-exec-1] o.s.web.servlet.DispatcherServlet        : Initializing Servlet 'dispatcherServlet'
2025-04-18 13:00:10.659  INFO 12400 --- [http-nio-8080-exec-1] o.s.web.servlet.DispatcherServlet        : Completed initialization in 1 ms
2025-04-18 13:05:02.397  INFO 12400 --- [SpringApplicationShutdownHook] c.m.spring.database.pool.ConnectionPool  : Clean...
2025-04-18 13:05:02.398  INFO 12400 --- [SpringApplicationShutdownHook] c.m.spring.database.pool.ConnectionPool  : Clean...
2025-04-18 13:05:02.398  INFO 12400 --- [SpringApplicationShutdownHook] j.LocalContainerEntityManagerFactoryBean : Closing JPA EntityManagerFactory for persistence unit 'default'
2025-04-18 13:05:02.400  INFO 12400 --- [SpringApplicationShutdownHook] com.zaxxer.hikari.HikariDataSource       : HikariPool-1 - Shutdown initiated...
2025-04-18 13:05:02.404  INFO 12400 --- [SpringApplicationShutdownHook] com.zaxxer.hikari.HikariDataSource       : HikariPool-1 - Shutdown completed.
2025-04-18 13:05:05.930  INFO 18860 --- [main] com.mndev.spring.ApplicationRunner       : Starting ApplicationRunner using Java 11.0.11 on DESKTOP-ESP161B with PID 18860 (C:\Users\PC\IdeaProjects\spring-starter\build\classes\java\main started by PC in C:\Users\PC\IdeaProjects\spring-starter)
2025-04-18 13:05:05.932  INFO 18860 --- [main] com.mndev.spring.ApplicationRunner       : No active profile set, falling back to 1 default profile: "default"
2025-04-18 13:05:06.270  INFO 18860 --- [main] .s.d.r.c.RepositoryConfigurationDelegate : Bootstrapping Spring Data JPA repositories in DEFAULT mode.
2025-04-18 13:05:06.302  INFO 18860 --- [main] .s.d.r.c.RepositoryConfigurationDelegate : Finished Spring Data repository scanning in 28 ms. Found 2 JPA repository interfaces.
2025-04-18 13:05:06.605  INFO 18860 --- [main] o.s.b.w.embedded.tomcat.TomcatWebServer  : Tomcat initialized with port(s): 8080 (http)
2025-04-18 13:05:06.609  INFO 18860 --- [main] o.apache.catalina.core.StandardService   : Starting service [Tomcat]
2025-04-18 13:05:06.609  INFO 18860 --- [main] org.apache.catalina.core.StandardEngine  : Starting Servlet engine: [Apache Tomcat/9.0.83]
2025-04-18 13:05:06.719  INFO 18860 --- [main] org.apache.jasper.servlet.TldScanner     : At least one JAR was scanned for TLDs yet contained no TLDs. Enable debug logging for this logger for a complete list of JARs that were scanned but no TLDs were found in them. Skipping unneeded JARs during scanning can improve startup time and JSP compilation time.
2025-04-18 13:05:06.723  INFO 18860 --- [main] o.a.c.c.C.[Tomcat].[localhost].[/]       : Initializing Spring embedded WebApplicationContext
2025-04-18 13:05:06.723  INFO 18860 --- [main] w.s.c.ServletWebServerApplicationContext : Root WebApplicationContext: initialization completed in 773 ms
2025-04-18 13:05:06.789  INFO 18860 --- [main] o.hibernate.jpa.internal.util.LogHelper  : HHH000204: Processing PersistenceUnitInfo [name: default]
2025-04-18 13:05:06.807  INFO 18860 --- [main] org.hibernate.Version                    : HHH000412: Hibernate ORM core version 5.6.15.Final
2025-04-18 13:05:06.863  INFO 18860 --- [main] o.hibernate.annotations.common.Version   : HCANN000001: Hibernate Commons Annotations {5.1.2.Final}
2025-04-18 13:05:06.901  INFO 18860 --- [main] com.zaxxer.hikari.HikariDataSource       : HikariPool-1 - Starting...
2025-04-18 13:05:06.976  INFO 18860 --- [main] com.zaxxer.hikari.HikariDataSource       : HikariPool-1 - Start completed.
2025-04-18 13:05:06.987  INFO 18860 --- [main] org.hibernate.dialect.Dialect            : HHH000400: Using dialect: org.hibernate.dialect.PostgreSQL10Dialect
2025-04-18 13:05:07.306  INFO 18860 --- [main] o.h.e.t.j.p.i.JtaPlatformInitiator       : HHH000490: Using JtaPlatform implementation: [org.hibernate.engine.transaction.jta.platform.internal.NoJtaPlatform]
2025-04-18 13:05:07.311  INFO 18860 --- [main] j.LocalContainerEntityManagerFactoryBean : Initialized JPA EntityManagerFactory for persistence unit 'default'
2025-04-18 13:05:07.317  INFO 18860 --- [main] c.mndev.spring.config.JpaConfiguration   : JpaConfiguration init
2025-04-18 13:05:07.395  INFO 18860 --- [main] c.m.spring.database.pool.ConnectionPool  : Init...
2025-04-18 13:05:07.687  INFO 18860 --- [main] c.m.spring.database.pool.ConnectionPool  : Init...
2025-04-18 13:05:07.931  INFO 18860 --- [main] o.s.s.web.DefaultSecurityFilterChain     : Will secure any request with [org.springframework.security.web.session.DisableEncodeUrlFilter@7e8f97dd, org.springframework.security.web.context.request.async.WebAsyncManagerIntegrationFilter@183435c0, org.springframework.security.web.context.SecurityContextPersistenceFilter@45f4c27c, org.springframework.security.web.header.HeaderWriterFilter@1d9cac6e, org.springframework.security.web.csrf.CsrfFilter@4accc3de, org.springframework.security.web.authentication.logout.LogoutFilter@fe38d1e, org.springframework.security.web.authentication.UsernamePasswordAuthenticationFilter@34907a49, org.springframework.security.web.savedrequest.RequestCacheAwareFilter@7a91027c, org.springframework.security.web.servletapi.SecurityContextHolderAwareRequestFilter@9120cb5, org.springframework.security.web.authentication.AnonymousAuthenticationFilter@69862a1, org.springframework.security.web.session.SessionManagementFilter@55a2ca5e, org.springframework.security.web.access.ExceptionTranslationFilter@431f8830, org.springframework.security.web.access.intercept.FilterSecurityInterceptor@2c376461]
2025-04-18 13:05:07.963  INFO 18860 --- [main] o.s.b.w.embedded.tomcat.TomcatWebServer  : Tomcat started on port(s): 8080 (http) with context path ''
2025-04-18 13:05:07.969  INFO 18860 --- [main] com.mndev.spring.ApplicationRunner       : Started ApplicationRunner in 2.208 seconds (JVM running for 2.575)
2025-04-18 13:05:08.479  INFO 18860 --- [http-nio-8080-exec-1] o.a.c.c.C.[Tomcat].[localhost].[/]       : Initializing Spring DispatcherServlet 'dispatcherServlet'
2025-04-18 13:05:08.480  INFO 18860 --- [http-nio-8080-exec-1] o.s.web.servlet.DispatcherServlet        : Initializing Servlet 'dispatcherServlet'
2025-04-18 13:05:08.481  INFO 18860 --- [http-nio-8080-exec-1] o.s.web.servlet.DispatcherServlet        : Completed initialization in 1 ms
2025-04-18 13:06:34.199  INFO 18860 --- [SpringApplicationShutdownHook] c.m.spring.database.pool.ConnectionPool  : Clean...
2025-04-18 13:06:34.200  INFO 18860 --- [SpringApplicationShutdownHook] c.m.spring.database.pool.ConnectionPool  : Clean...
2025-04-18 13:06:34.200  INFO 18860 --- [SpringApplicationShutdownHook] j.LocalContainerEntityManagerFactoryBean : Closing JPA EntityManagerFactory for persistence unit 'default'
2025-04-18 13:06:34.201  INFO 18860 --- [SpringApplicationShutdownHook] com.zaxxer.hikari.HikariDataSource       : HikariPool-1 - Shutdown initiated...
2025-04-18 13:06:34.205  INFO 18860 --- [SpringApplicationShutdownHook] com.zaxxer.hikari.HikariDataSource       : HikariPool-1 - Shutdown completed.
